Determining if the pthread_create exist failed with the following output:
Change Dir: /home/eric/Desktop/gitRBE/build/CMakeFiles/CMakeTmp

Run Build Command:/usr/bin/make "cmTryCompileExec4003945985/fast"
/usr/bin/make -f CMakeFiles/cmTryCompileExec4003945985.dir/build.make CMakeFiles/cmTryCompileExec4003945985.dir/build
make[1]: Entering directory `/home/eric/Desktop/gitRBE/build/CMakeFiles/CMakeTmp'
/usr/bin/cmake -E cmake_progress_report /home/eric/Desktop/gitRBE/build/CMakeFiles/CMakeTmp/CMakeFiles 1
Building C object CMakeFiles/cmTryCompileExec4003945985.dir/CheckSymbolExists.c.o
/usr/bin/cc    -o CMakeFiles/cmTryCompileExec4003945985.dir/CheckSymbolExists.c.o   -c /home/eric/Desktop/gitRBE/build/CMakeFiles/CMakeTmp/CheckSymbolExists.c
Linking C executable cmTryCompileExec4003945985
/usr/bin/cmake -E cmake_link_script CMakeFiles/cmTryCompileExec4003945985.dir/link.txt --verbose=1
/usr/bin/cc         CMakeFiles/cmTryCompileExec4003945985.dir/CheckSymbolExists.c.o  -o cmTryCompileExec4003945985 -rdynamic 
CMakeFiles/cmTryCompileExec4003945985.dir/CheckSymbolExists.c.o: In function `main':
CheckSymbolExists.c:(.text+0x16): undefined reference to `pthread_create'
collect2: error: ld returned 1 exit status
make[1]: Leaving directory `/home/eric/Desktop/gitRBE/build/CMakeFiles/CMakeTmp'
make[1]: *** [cmTryCompileExec4003945985] Error 1
make: *** [cmTryCompileExec4003945985/fast] Error 2

File /home/eric/Desktop/gitRBE/build/CMakeFiles/CMakeTmp/CheckSymbolExists.c:
/* */
#include <pthread.h>

int main(int argc, char** argv)
{
  (void)argv;
#ifndef pthread_create
  return ((int*)(&pthread_create))[argc];
#else
  (void)argc;
  return 0;
#endif
}

Determining if the function pthread_create exists in the pthreads failed with the following output:
Change Dir: /home/eric/Desktop/gitRBE/build/CMakeFiles/CMakeTmp

Run Build Command:/usr/bin/make "cmTryCompileExec3158477282/fast"
/usr/bin/make -f CMakeFiles/cmTryCompileExec3158477282.dir/build.make CMakeFiles/cmTryCompileExec3158477282.dir/build
make[1]: Entering directory `/home/eric/Desktop/gitRBE/build/CMakeFiles/CMakeTmp'
/usr/bin/cmake -E cmake_progress_report /home/eric/Desktop/gitRBE/build/CMakeFiles/CMakeTmp/CMakeFiles 1
Building C object CMakeFiles/cmTryCompileExec3158477282.dir/CheckFunctionExists.c.o
/usr/bin/cc   -DCHECK_FUNCTION_EXISTS=pthread_create   -o CMakeFiles/cmTryCompileExec3158477282.dir/CheckFunctionExists.c.o   -c /usr/share/cmake-2.8/Modules/CheckFunctionExists.c
Linking C executable cmTryCompileExec3158477282
/usr/bin/cmake -E cmake_link_script CMakeFiles/cmTryCompileExec3158477282.dir/link.txt --verbose=1
/usr/bin/cc     -DCHECK_FUNCTION_EXISTS=pthread_create    CMakeFiles/cmTryCompileExec3158477282.dir/CheckFunctionExists.c.o  -o cmTryCompileExec3158477282 -rdynamic -lpthreads 
/usr/bin/ld: cannot find -lpthreads
collect2: error: ld returned 1 exit status
make[1]: Leaving directory `/home/eric/Desktop/gitRBE/build/CMakeFiles/CMakeTmp'
make[1]: *** [cmTryCompileExec3158477282] Error 1
make: *** [cmTryCompileExec3158477282/fast] Error 2


